<?xml version="1.0" encoding="UTF-8"?>
<testng-results ignored="0" total="0" passed="0" failed="0" skipped="0">
  <reporter-output>
  </reporter-output>
  <suite started-at="2023-03-17T10:34:48Z" name="runners.TestRunner" finished-at="2023-03-17T10:34:48Z" duration-ms="2">
    <groups>
    </groups>
    <test started-at="2023-03-17T10:34:48Z" name="Command line test" finished-at="2023-03-17T10:34:48Z" duration-ms="2">
    </test> <!-- Command line test -->
  </suite> <!-- runners.TestRunner -->
</testng-results>
